[0m21:01:45.833847 [debug] [MainThread]: Sending event: {'category': 'dbt', 'action': 'invocation', 'label': 'start', 'context': [<snowplow_tracker.self_describing_json.SelfDescribingJson object at 0x0000019809D93D90>, <snowplow_tracker.self_describing_json.SelfDescribingJson object at 0x0000019809D93490>, <snowplow_tracker.self_describing_json.SelfDescribingJson object at 0x0000019809D93DD0>]}


============================== 21:01:45.837852 | e06c8bf9-5e4e-464e-9a44-be3b089bd8a9 ==============================
[0m21:01:45.837852 [info ] [MainThread]: Running with dbt=1.8.6
[0m21:01:45.838878 [debug] [MainThread]: running dbt with arguments {'printer_width': '80', 'indirect_selection': 'eager', 'log_cache_events': 'False', 'write_json': 'True', 'partial_parse': 'True', 'cache_selected_only': 'False', 'warn_error': 'None', 'debug': 'False', 'version_check': 'True', 'log_path': 'logs', 'fail_fast': 'False', 'profiles_dir': '../', 'use_colors': 'True', 'use_experimental_parser': 'False', 'no_print': 'None', 'quiet': 'False', 'empty': 'None', 'log_format': 'default', 'static_parser': 'True', 'invocation_command': 'dbt init', 'introspect': 'True', 'target_path': 'None', 'warn_error_options': 'WarnErrorOptions(include=[], exclude=[])', 'send_anonymous_usage_stats': 'True'}
[0m21:01:52.991382 [debug] [MainThread]: Starter project path: C:\Users\gabri\Documentos\Projects\commodities_data_warehouse\.venv\Lib\site-packages\dbt\include\starter_project
[0m21:01:53.007372 [info ] [MainThread]: 
Your new dbt project "datawarehouse" was created!

For more information on how to configure the profiles.yml file,
please consult the dbt documentation here:

  https://docs.getdbt.com/docs/configure-your-profile

One more thing:

Need help? Don't hesitate to reach out to us via GitHub issues or on Slack:

  https://community.getdbt.com/

Happy modeling!

[0m21:01:53.008371 [info ] [MainThread]: Setting up your profile.
[0m21:02:29.273685 [info ] [MainThread]: Profile datawarehouse written to ..\profiles.yml using target's profile_template.yml and your supplied values. Run 'dbt debug' to validate the connection.
[0m21:02:29.275835 [debug] [MainThread]: Command `dbt init` succeeded at 21:02:29.274760 after 43.50 seconds
[0m21:02:29.275835 [debug] [MainThread]: Sending event: {'category': 'dbt', 'action': 'invocation', 'label': 'end', 'context': [<snowplow_tracker.self_describing_json.SelfDescribingJson object at 0x000001980382D1D0>, <snowplow_tracker.self_describing_json.SelfDescribingJson object at 0x0000019809D7D910>, <snowplow_tracker.self_describing_json.SelfDescribingJson object at 0x0000019809B12C50>]}
[0m21:02:29.276758 [debug] [MainThread]: Flushing usage events
[0m21:11:23.705414 [debug] [MainThread]: Sending event: {'category': 'dbt', 'action': 'invocation', 'label': 'start', 'context': [<snowplow_tracker.self_describing_json.SelfDescribingJson object at 0x000001DE2F665610>, <snowplow_tracker.self_describing_json.SelfDescribingJson object at 0x000001DE2F667750>, <snowplow_tracker.self_describing_json.SelfDescribingJson object at 0x000001DE2F6679D0>]}


============================== 21:11:23.709551 | 917703a4-94fb-47df-b93f-0ea6f91a66cb ==============================
[0m21:11:23.709551 [info ] [MainThread]: Running with dbt=1.8.6
[0m21:11:23.710552 [debug] [MainThread]: running dbt with arguments {'printer_width': '80', 'indirect_selection': 'eager', 'log_cache_events': 'False', 'write_json': 'True', 'partial_parse': 'True', 'cache_selected_only': 'False', 'warn_error': 'None', 'debug': 'False', 'profiles_dir': '../', 'log_path': 'logs', 'version_check': 'True', 'fail_fast': 'False', 'use_colors': 'True', 'use_experimental_parser': 'False', 'empty': 'None', 'quiet': 'False', 'no_print': 'None', 'log_format': 'default', 'invocation_command': 'dbt debug', 'warn_error_options': 'WarnErrorOptions(include=[], exclude=[])', 'introspect': 'True', 'target_path': 'None', 'static_parser': 'True', 'send_anonymous_usage_stats': 'True'}
[0m21:11:23.736815 [info ] [MainThread]: dbt version: 1.8.6
[0m21:11:23.737804 [info ] [MainThread]: python version: 3.11.9
[0m21:11:23.737804 [info ] [MainThread]: python path: C:\Users\gabri\Documentos\Projects\commodities_data_warehouse\.venv\Scripts\python.exe
[0m21:11:23.738817 [info ] [MainThread]: os info: Windows-10-10.0.22631-SP0
[0m21:11:23.739804 [info ] [MainThread]: Using profiles dir at ../
[0m21:11:23.739804 [info ] [MainThread]: Using profiles.yml file at ../profiles.yml
[0m21:11:23.740805 [info ] [MainThread]: Using dbt_project.yml file at C:\Users\gabri\Documentos\Projects\commodities_data_warehouse\dbt_project.yml
[0m21:11:23.740805 [info ] [MainThread]: Configuration:
[0m21:11:23.741804 [info ] [MainThread]:   profiles.yml file [[31mERROR not found[0m]
[0m21:11:23.741804 [info ] [MainThread]:   dbt_project.yml file [[31mERROR not found[0m]
[0m21:11:23.741804 [info ] [MainThread]: Required dependencies:
[0m21:11:23.741804 [debug] [MainThread]: Executing "git --help"
[0m21:11:23.771187 [debug] [MainThread]: STDOUT: "b"usage: git [-v | --version] [-h | --help] [-C <path>] [-c <name>=<value>]\n           [--exec-path[=<path>]] [--html-path] [--man-path] [--info-path]\n           [-p | --paginate | -P | --no-pager] [--no-replace-objects] [--bare]\n           [--git-dir=<path>] [--work-tree=<path>] [--namespace=<name>]\n           [--config-env=<name>=<envvar>] <command> [<args>]\n\nThese are common Git commands used in various situations:\n\nstart a working area (see also: git help tutorial)\n   clone     Clone a repository into a new directory\n   init      Create an empty Git repository or reinitialize an existing one\n\nwork on the current change (see also: git help everyday)\n   add       Add file contents to the index\n   mv        Move or rename a file, a directory, or a symlink\n   restore   Restore working tree files\n   rm        Remove files from the working tree and from the index\n\nexamine the history and state (see also: git help revisions)\n   bisect    Use binary search to find the commit that introduced a bug\n   diff      Show changes between commits, commit and working tree, etc\n   grep      Print lines matching a pattern\n   log       Show commit logs\n   show      Show various types of objects\n   status    Show the working tree status\n\ngrow, mark and tweak your common history\n   branch    List, create, or delete branches\n   commit    Record changes to the repository\n   merge     Join two or more development histories together\n   rebase    Reapply commits on top of another base tip\n   reset     Reset current HEAD to the specified state\n   switch    Switch branches\n   tag       Create, list, delete or verify a tag object signed with GPG\n\ncollaborate (see also: git help workflows)\n   fetch     Download objects and refs from another repository\n   pull      Fetch from and integrate with another repository or a local branch\n   push      Update remote refs along with associated objects\n\n'git help -a' and 'git help -g' list available subcommands and some\nconcept guides. See 'git help <command>' or 'git help <concept>'\nto read about a specific subcommand or concept.\nSee 'git help git' for an overview of the system.\n""
[0m21:11:23.772203 [debug] [MainThread]: STDERR: "b''"
[0m21:11:23.772203 [info ] [MainThread]:  - git [[32mOK found[0m]

[0m21:11:23.773718 [info ] [MainThread]: Connection test skipped since no profile was found
[0m21:11:23.774239 [info ] [MainThread]: [31m2 checks failed:[0m
[0m21:11:23.774297 [info ] [MainThread]: dbt looked for a profiles.yml file in ../profiles.yml, but did
not find one. For more information on configuring your profile, consult the
documentation:

https://docs.getdbt.com/docs/configure-your-profile


[0m21:11:23.775299 [info ] [MainThread]: Project loading failed for the following reason:
 project path <C:\Users\gabri\Documentos\Projects\commodities_data_warehouse\dbt_project.yml> not found

[0m21:11:23.776584 [debug] [MainThread]: Command `dbt debug` failed at 21:11:23.775299 after 0.13 seconds
[0m21:11:23.776584 [debug] [MainThread]: Sending event: {'category': 'dbt', 'action': 'invocation', 'label': 'end', 'context': [<snowplow_tracker.self_describing_json.SelfDescribingJson object at 0x000001DE290ED1D0>, <snowplow_tracker.self_describing_json.SelfDescribingJson object at 0x000001DE2F3E2B50>, <snowplow_tracker.self_describing_json.SelfDescribingJson object at 0x000001DE2F60E2D0>]}
[0m21:11:23.778588 [debug] [MainThread]: Flushing usage events
[0m22:47:10.832153 [debug] [MainThread]: Sending event: {'category': 'dbt', 'action': 'invocation', 'label': 'start', 'context': [<snowplow_tracker.self_describing_json.SelfDescribingJson object at 0x00000200AF93D610>, <snowplow_tracker.self_describing_json.SelfDescribingJson object at 0x00000200AF93FB90>, <snowplow_tracker.self_describing_json.SelfDescribingJson object at 0x00000200AF93FE50>]}


============================== 22:47:10.839224 | 1b08b71e-13cd-412c-bfe9-091baf875768 ==============================
[0m22:47:10.839224 [info ] [MainThread]: Running with dbt=1.8.6
[0m22:47:10.840725 [debug] [MainThread]: running dbt with arguments {'printer_width': '80', 'indirect_selection': 'eager', 'write_json': 'True', 'log_cache_events': 'False', 'partial_parse': 'True', 'cache_selected_only': 'False', 'warn_error': 'None', 'fail_fast': 'False', 'debug': 'False', 'log_path': 'logs', 'profiles_dir': '../', 'version_check': 'True', 'use_colors': 'True', 'use_experimental_parser': 'False', 'empty': 'False', 'quiet': 'False', 'no_print': 'None', 'warn_error_options': 'WarnErrorOptions(include=[], exclude=[])', 'invocation_command': 'dbt run', 'log_format': 'default', 'introspect': 'True', 'target_path': 'None', 'static_parser': 'True', 'send_anonymous_usage_stats': 'True'}
[0m22:47:10.842731 [error] [MainThread]: Encountered an error:
Runtime Error
  No dbt_project.yml found at expected path C:\Users\gabri\Documentos\Projects\commodities_data_warehouse\dbt_project.yml
  Verify that each entry within packages.yml (and their transitive dependencies) contains a file named dbt_project.yml
  
[0m22:47:10.846356 [debug] [MainThread]: Command `dbt run` failed at 22:47:10.845354 after 0.08 seconds
[0m22:47:10.847356 [debug] [MainThread]: Sending event: {'category': 'dbt', 'action': 'invocation', 'label': 'end', 'context': [<snowplow_tracker.self_describing_json.SelfDescribingJson object at 0x00000200AF95E1D0>, <snowplow_tracker.self_describing_json.SelfDescribingJson object at 0x00000200A93BD1D0>, <snowplow_tracker.self_describing_json.SelfDescribingJson object at 0x00000200A96223D0>]}
[0m22:47:10.847356 [debug] [MainThread]: Flushing usage events
